--------------------------------------------------------------------------------
Release 14.7 Trace  (nt64)
Copyright (c) 1995-2013 Xilinx, Inc.  All rights reserved.

D:\14.7\ISE_DS\ISE\bin\nt64\unwrapped\trce.exe -intstyle ise -v 3 -s 3 -n 3
-fastpaths -xml parallel_adder.twx parallel_adder.ncd -o parallel_adder.twr
parallel_adder.pcf

Design file:              parallel_adder.ncd
Physical constraint file: parallel_adder.pcf
Device,package,speed:     xc7a100t,csg324,C,-3 (PRODUCTION 1.10 2013-10-13)
Report level:             verbose report

Environment Variable      Effect 
--------------------      ------ 
NONE                      No environment variables were set
--------------------------------------------------------------------------------

INFO:Timing:2698 - No timing constraints found, doing default enumeration.
INFO:Timing:3412 - To improve timing, see the Timing Closure User Guide (UG612).
INFO:Timing:2752 - To get complete path coverage, use the unconstrained paths 
   option. All paths that are not constrained will be reported in the 
   unconstrained paths section(s) of the report.
INFO:Timing:3339 - The clock-to-out numbers in this timing report are based on 
   a 50 Ohm transmission line loading model.  For the details of this model, 
   and for more information on accounting for different loading conditions, 
   please see the device datasheet.



Data Sheet report:
-----------------
All values displayed in nanoseconds (ns)

Pad to Pad
---------------+---------------+---------+
Source Pad     |Destination Pad|  Delay  |
---------------+---------------+---------+
A<0>           |Cout           |    5.638|
A<0>           |Sum<0>         |    5.430|
A<0>           |Sum<1>         |    5.312|
A<0>           |Sum<2>         |    5.456|
A<0>           |Sum<3>         |    5.946|
A<1>           |Cout           |    5.980|
A<1>           |Sum<1>         |    5.660|
A<1>           |Sum<2>         |    5.798|
A<1>           |Sum<3>         |    6.288|
A<2>           |Cout           |    5.329|
A<2>           |Sum<2>         |    5.686|
A<2>           |Sum<3>         |    5.636|
A<3>           |Cout           |    5.435|
A<3>           |Sum<3>         |    5.727|
B<0>           |Cout           |    6.028|
B<0>           |Sum<0>         |    5.516|
B<0>           |Sum<1>         |    5.698|
B<0>           |Sum<2>         |    5.846|
B<0>           |Sum<3>         |    6.336|
B<1>           |Cout           |    5.834|
B<1>           |Sum<1>         |    5.516|
B<1>           |Sum<2>         |    5.652|
B<1>           |Sum<3>         |    6.142|
B<2>           |Cout           |    5.120|
B<2>           |Sum<2>         |    5.156|
B<2>           |Sum<3>         |    5.420|
B<3>           |Cout           |    5.421|
B<3>           |Sum<3>         |    5.717|
Cin            |Cout           |    6.275|
Cin            |Sum<0>         |    5.622|
Cin            |Sum<1>         |    5.941|
Cin            |Sum<2>         |    6.093|
Cin            |Sum<3>         |    6.583|
---------------+---------------+---------+


Analysis completed Wed Dec 07 15:02:13 2022 
--------------------------------------------------------------------------------

Trace Settings:
-------------------------
Trace Settings 

Peak Memory Usage: 5003 MB



